[     592ms] [WARNING] [WEBSOCKETS] - Subscribing {params: Object, subscriber: bound wsHandlePosition} @ https://kalshi.com/_next/static/chunks/0q~3w5mbasf3y.js?dpl=dpl_5n2uBDVdBiT753dtMFbkugYTNzNm:3
[     593ms] [WARNING] [WEBSOCKETS] - Subscribing {params: Object, subscriber: bound queueWsHandleTicker} @ https://kalshi.com/_next/static/chunks/0q~3w5mbasf3y.js?dpl=dpl_5n2uBDVdBiT753dtMFbkugYTNzNm:3
[     593ms] [WARNING] [WEBSOCKETS] - Subscribing {params: Object, subscriber: bound wsHandleLifecycle} @ https://kalshi.com/_next/static/chunks/0q~3w5mbasf3y.js?dpl=dpl_5n2uBDVdBiT753dtMFbkugYTNzNm:3
[     811ms] [WARNING] [WEBSOCKETS] - Subscribing {params: Object, subscriber: bound queueWsHandleTicker} @ https://kalshi.com/_next/static/chunks/0q~3w5mbasf3y.js?dpl=dpl_5n2uBDVdBiT753dtMFbkugYTNzNm:3
[     812ms] [WARNING] [WEBSOCKETS] - Found existing subscription {match: Object, subscription: Object} @ https://kalshi.com/_next/static/chunks/0q~3w5mbasf3y.js?dpl=dpl_5n2uBDVdBiT753dtMFbkugYTNzNm:3
[     812ms] [WARNING] [WEBSOCKETS] - Subscribing {params: Object, subscriber: bound wsHandleLifecycle} @ https://kalshi.com/_next/static/chunks/0q~3w5mbasf3y.js?dpl=dpl_5n2uBDVdBiT753dtMFbkugYTNzNm:3
[     813ms] [WARNING] [WEBSOCKETS] - Found existing subscription {match: Object, subscription: Object} @ https://kalshi.com/_next/static/chunks/0q~3w5mbasf3y.js?dpl=dpl_5n2uBDVdBiT753dtMFbkugYTNzNm:3
[     867ms] [WARNING] [GSI_LOGGER]: Your client application uses one of the Google One Tap prompt UI status methods that may stop functioning when FedCM becomes mandatory. Refer to the migration guide to update your code accordingly and opt-in to FedCM to test your changes. Learn more: https://developers.google.com/identity/gsi/web/guides/fedcm-migration?s=dc#display_moment and https://developers.google.com/identity/gsi/web/guides/fedcm-migration?s=dc#skipped_moment @ https://kalshi.com/_next/static/chunks/0q~3w5mbasf3y.js?dpl=dpl_5n2uBDVdBiT753dtMFbkugYTNzNm:3
[     953ms] [ERROR] Not signed in with the identity provider. @ https://kalshi.com/markets/kxbtcd/bitcoin-price-abovebelow/kxbtcd-26jun1917?op_market_ticker=KXBTCD-26JUN1917-T64499.99:0
[    1125ms] [LOG] datadog init config.commitRef 3be88e87007a11af6c7f7f54607b0c7128c4ad11 @ https://kalshi.com/_next/static/chunks/0q~3w5mbasf3y.js?dpl=dpl_5n2uBDVdBiT753dtMFbkugYTNzNm:3
[    1148ms] [WARNING] [Meta Pixel] - Duplicate Pixel ID: 1537332917135729. @ https://kalshi.com/_next/static/chunks/0q~3w5mbasf3y.js?dpl=dpl_5n2uBDVdBiT753dtMFbkugYTNzNm:3
[    1256ms] [LOG] PS :: 13:17:4:340 Info: uapx Diagnostic - Host called API: Start With Config @ https://kalshi.com/_next/static/chunks/0q~3w5mbasf3y.js?dpl=dpl_5n2uBDVdBiT753dtMFbkugYTNzNm:3
[    1256ms] [LOG] PS :: 13:17:4:341 Info: uapx Diagnostic - Host called API: Send Conversion @ https://kalshi.com/_next/static/chunks/0q~3w5mbasf3y.js?dpl=dpl_5n2uBDVdBiT753dtMFbkugYTNzNm:3
[    1257ms] [LOG] PS :: 13:17:4:341 Info: uapx Diagnostic - Started SDK 1.8.0
      published 1/5/2026, 5:57:54 PM @ https://kalshi.com/_next/static/chunks/0q~3w5mbasf3y.js?dpl=dpl_5n2uBDVdBiT753dtMFbkugYTNzNm:3
[    1257ms] [LOG] PS :: 13:17:4:341 Info: uapx Diagnostic - The log level is set to Info @ https://kalshi.com/_next/static/chunks/0q~3w5mbasf3y.js?dpl=dpl_5n2uBDVdBiT753dtMFbkugYTNzNm:3
[    1472ms] [WARNING] Amplitude Logger [Warn]: Plugin with name gtm-library-enrichment already exists, skipping registration @ https://kalshi.com/_next/static/chunks/0q~3w5mbasf3y.js?dpl=dpl_5n2uBDVdBiT753dtMFbkugYTNzNm:3
[    1480ms] [LOG] PS :: 13:17:4:564 Info: Conversion success! @ https://kalshi.com/_next/static/chunks/0q~3w5mbasf3y.js?dpl=dpl_5n2uBDVdBiT753dtMFbkugYTNzNm:3
[    1552ms] [WARNING] Identity value for 'other' is falsy (undefined). This value will be removed from the request. @ https://kalshi.com/_next/static/chunks/0q~3w5mbasf3y.js?dpl=dpl_5n2uBDVdBiT753dtMFbkugYTNzNm:3
[    2492ms] [ERROR] Access to fetch at 'https://ai-summary.kalshi.co/timeline-points?event_id=KXBTCD-26JUN1917&market_ticker=KXBTCD-26JUN1917-T50499.99&market_ticker=KXBTCD-26JUN1917-T50999.99&market_ticker=KXBTCD-26JUN1917-T51499.99&market_ticker=KXBTCD-26JUN1917-T51999.99&market_ticker=KXBTCD-26JUN1917-T52499.99&market_ticker=KXBTCD-26JUN1917-T52999.99&market_ticker=KXBTCD-26JUN1917-T53499.99&market_ticker=KXBTCD-26JUN1917-T53999.99&market_ticker=KXBTCD-26JUN1917-T54499.99&market_ticker=KXBTCD-26JUN1917-T54999.99&market_ticker=KXBTCD-26JUN1917-T55499.99&market_ticker=KXBTCD-26JUN1917-T55999.99&market_ticker=KXBTCD-26JUN1917-T56499.99&market_ticker=KXBTCD-26JUN1917-T56999.99&market_ticker=KXBTCD-26JUN1917-T57499.99&market_ticker=KXBTCD-26JUN1917-T57999.99&market_ticker=KXBTCD-26JUN1917-T58499.99&market_ticker=KXBTCD-26JUN1917-T58999.99&market_ticker=KXBTCD-26JUN1917-T59499.99&market_ticker=KXBTCD-26JUN1917-T59999.99&market_ticker=KXBTCD-26JUN1917-T60499.99&market_ticker=KXBTCD-26JUN1917-T60999.99&market_ticker=KXBTCD-26JUN1917-T61499.99&market_ticker=KXBTCD-26JUN1917-T61999.99&market_ticker=KXBTCD-26JUN1917-T62499.99&market_ticker=KXBTCD-26JUN1917-T62999.99&market_ticker=KXBTCD-26JUN1917-T63499.99&market_ticker=KXBTCD-26JUN1917-T63999.99&market_ticker=KXBTCD-26JUN1917-T64499.99&market_ticker=KXBTCD-26JUN1917-T64999.99&market_ticker=KXBTCD-26JUN1917-T65499.99&market_ticker=KXBTCD-26JUN1917-T65999.99&market_ticker=KXBTCD-26JUN1917-T66499.99&market_ticker=KXBTCD-26JUN1917-T66999.99&market_ticker=KXBTCD-26JUN1917-T67499.99&market_ticker=KXBTCD-26JUN1917-T67999.99&market_ticker=KXBTCD-26JUN1917-T68499.99&market_ticker=KXBTCD-26JUN1917-T68999.99&market_ticker=KXBTCD-26JUN1917-T69499.99&market_ticker=KXBTCD-26JUN1917-T69999.99&market_ticker=KXBTCD-26JUN1917-T70499.99&market_ticker=KXBTCD-26JUN1917-T70999.99&market_ticker=KXBTCD-26JUN1917-T71499.99&market_ticker=KXBTCD-26JUN1917-T71999.99&market_ticker=KXBTCD-26JUN1917-T72499.99&market_ticker=KXBTCD-26JUN1917-T72999.99&market_ticker=KXBTCD-26JUN1917-T73499.99&market_ticker=KXBTCD-26JUN1917-T73999.99&market_ticker=KXBTCD-26JUN1917-T74499.99&market_ticker=KXBTCD-26JUN1917-T74999.99' from origin 'https://kalshi.com' has been blocked by CORS policy: No 'Access-Control-Allow-Origin' header is present on the requested resource. @ https://kalshi.com/markets/kxbtcd/bitcoin-price-abovebelow/kxbtcd-26jun1917?op_market_ticker=KXBTCD-26JUN1917-T64499.99:0
[    2492ms] [ERROR] Failed to load resource: net::ERR_FAILED @ https://ai-summary.kalshi.co/timeline-points?event_id=KXBTCD-26JUN1917&market_ticker=KXBTCD-26JUN1917-T50499.99&market_ticker=KXBTCD-26JUN1917-T50999.99&market_ticker=KXBTCD-26JUN1917-T51499.99&market_ticker=KXBTCD-26JUN1917-T51999.99&market_ticker=KXBTCD-26JUN1917-T52499.99&market_ticker=KXBTCD-26JUN1917-T52999.99&market_ticker=KXBTCD-26JUN1917-T53499.99&market_ticker=KXBTCD-26JUN1917-T53999.99&market_ticker=KXBTCD-26JUN1917-T54499.99&market_ticker=KXBTCD-26JUN1917-T54999.99&market_ticker=KXBTCD-26JUN1917-T55499.99&market_ticker=KXBTCD-26JUN1917-T55999.99&market_ticker=KXBTCD-26JUN1917-T56499.99&market_ticker=KXBTCD-26JUN1917-T56999.99&market_ticker=KXBTCD-26JUN1917-T57499.99&market_ticker=KXBTCD-26JUN1917-T57999.99&market_ticker=KXBTCD-26JUN1917-T58499.99&market_ticker=KXBTCD-26JUN1917-T58999.99&market_ticker=KXBTCD-26JUN1917-T59499.99&market_ticker=KXBTCD-26JUN1917-T59999.99&market_ticker=KXBTCD-26JUN1917-T60499.99&market_ticker=KXBTCD-26JUN1917-T60999.99&market_ticker=KXBTCD-26JUN1917-T61499.99&market_ticker=KXBTCD-26JUN1917-T61999.99&market_ticker=KXBTCD-26JUN1917-T62499.99&market_ticker=KXBTCD-26JUN1917-T62999.99&market_ticker=KXBTCD-26JUN1917-T63499.99&market_ticker=KXBTCD-26JUN1917-T63999.99&market_ticker=KXBTCD-26JUN1917-T64499.99&market_ticker=KXBTCD-26JUN1917-T64999.99&market_ticker=KXBTCD-26JUN1917-T65499.99&market_ticker=KXBTCD-26JUN1917-T65999.99&market_ticker=KXBTCD-26JUN1917-T66499.99&market_ticker=KXBTCD-26JUN1917-T66999.99&market_ticker=KXBTCD-26JUN1917-T67499.99&market_ticker=KXBTCD-26JUN1917-T67999.99&market_ticker=KXBTCD-26JUN1917-T68499.99&market_ticker=KXBTCD-26JUN1917-T68999.99&market_ticker=KXBTCD-26JUN1917-T69499.99&market_ticker=KXBTCD-26JUN1917-T69999.99&market_ticker=KXBTCD-26JUN1917-T70499.99&market_ticker=KXBTCD-26JUN1917-T70999.99&market_ticker=KXBTCD-26JUN1917-T71499.99&market_ticker=KXBTCD-26JUN1917-T71999.99&market_ticker=KXBTCD-26JUN1917-T72499.99&market_ticker=KXBTCD-26JUN1917-T72999.99&market_ticker=KXBTCD-26JUN1917-T73499.99&market_ticker=KXBTCD-26JUN1917-T73999.99&market_ticker=KXBTCD-26JUN1917-T74499.99&market_ticker=KXBTCD-26JUN1917-T74999.99:0
[    2492ms] [LOG] Failed to fetch timeline points: TypeError: Failed to fetch @ https://kalshi.com/_next/static/chunks/0q~3w5mbasf3y.js?dpl=dpl_5n2uBDVdBiT753dtMFbkugYTNzNm:3
[    2714ms] [ERROR] [GSI_LOGGER]: FedCM get() rejects with NetworkError: Error retrieving a token. @ https://kalshi.com/_next/static/chunks/0q~3w5mbasf3y.js?dpl=dpl_5n2uBDVdBiT753dtMFbkugYTNzNm:3
[    2715ms] [LOG] Google One Tap: Skipped - unknown_reason @ https://kalshi.com/_next/static/chunks/0q~3w5mbasf3y.js?dpl=dpl_5n2uBDVdBiT753dtMFbkugYTNzNm:3
[    4410ms] [WARNING] The resource https://apps.rokt.com/icons/rokt-icons.woff was preloaded using link preload but not used within a few seconds from the window's load event. Please make sure it has an appropriate `as` value and it is preloaded intentionally. @ https://apps.rokt.com/wsdk/plugins/dcui/index.html:0
[  220453ms] TypeError: a is not a function
    at <anonymous>:1:362
    at <anonymous>:1:385
    at https://www.googletagmanager.com/gtm.js?id=GTM-NP66QTXD:898:429
    at aS (https://www.googletagmanager.com/gtm.js?id=GTM-NP66QTXD:900:31)
    at Od.$R (https://www.googletagmanager.com/gtm.js?id=GTM-NP66QTXD:897:92)
    at Od.<anonymous> (https://www.googletagmanager.com/gtm.js?id=GTM-NP66QTXD:348:187)
    at k.apply (https://www.googletagmanager.com/gtm.js?id=GTM-NP66QTXD:270:466)
    at hb (https://www.googletagmanager.com/gtm.js?id=GTM-NP66QTXD:232:719)
    at gb (https://www.googletagmanager.com/gtm.js?id=GTM-NP66QTXD:232:470)
    at Od.<anonymous> (https://www.googletagmanager.com/gtm.js?id=GTM-NP66QTXD:294:473)
[  220455ms] TypeError: a is not a function
    at <anonymous>:1:362
    at <anonymous>:1:385
    at https://www.googletagmanager.com/gtm.js?id=GTM-NP66QTXD:898:429
    at aS (https://www.googletagmanager.com/gtm.js?id=GTM-NP66QTXD:900:31)
    at Od.$R (https://www.googletagmanager.com/gtm.js?id=GTM-NP66QTXD:897:92)
    at Od.<anonymous> (https://www.googletagmanager.com/gtm.js?id=GTM-NP66QTXD:348:187)
    at k.apply (https://www.googletagmanager.com/gtm.js?id=GTM-NP66QTXD:270:466)
    at hb (https://www.googletagmanager.com/gtm.js?id=GTM-NP66QTXD:232:719)
    at gb (https://www.googletagmanager.com/gtm.js?id=GTM-NP66QTXD:232:470)
    at Od.<anonymous> (https://www.googletagmanager.com/gtm.js?id=GTM-NP66QTXD:294:473)
[  220428ms] [LOG] Rokt: mParticle stub already initialized, skipping setup @ https://kalshi.com/_next/static/chunks/0q~3w5mbasf3y.js?dpl=dpl_5n2uBDVdBiT753dtMFbkugYTNzNm:3
[  220431ms] [LOG] Rokt: mParticle stub already initialized, skipping setup @ https://kalshi.com/_next/static/chunks/0q~3w5mbasf3y.js?dpl=dpl_5n2uBDVdBiT753dtMFbkugYTNzNm:3
