[     111ms] [WARNING] [GSI_LOGGER]: Your client application uses one of the Google One Tap prompt UI status methods that may stop functioning when FedCM becomes mandatory. Refer to the migration guide to update your code accordingly and opt-in to FedCM to test your changes. Learn more: https://developers.google.com/identity/gsi/web/guides/fedcm-migration?s=dc#display_moment and https://developers.google.com/identity/gsi/web/guides/fedcm-migration?s=dc#skipped_moment @ https://kalshi.com/_next/static/chunks/0q~3w5mbasf3y.js?dpl=dpl_5n2uBDVdBiT753dtMFbkugYTNzNm:3
[     117ms] [ERROR] Not signed in with the identity provider. @ https://kalshi.com/:0
[     242ms] [ERROR] Error fetching server-side data on Market Forecast History from https://api.elections.kalshi.com/v1/cached/series/KXCLAYTONCONF/markets/703edda0-1c63-4152-a215-bb51f4e33f2a/forecast_history?start_ts=1781233200&end_ts=1781733600&period_interval=60&candlestick_function=mean_price: TypeError: Failed to fetch @ https://kalshi.com/_next/static/chunks/0q~3w5mbasf3y.js?dpl=dpl_5n2uBDVdBiT753dtMFbkugYTNzNm:3
[     243ms] [ERROR] Error fetching server-side data on Market Forecast History from https://api.elections.kalshi.com/v1/cached/series/KXPGATOUR/markets/7e9f0cc5-7b51-4e7d-bd03-58f9ee0c67ed/forecast_history?start_ts=1779127200&end_ts=1781733600&period_interval=60&candlestick_function=mean_price: TypeError: Failed to fetch @ https://kalshi.com/_next/static/chunks/0q~3w5mbasf3y.js?dpl=dpl_5n2uBDVdBiT753dtMFbkugYTNzNm:3
[     243ms] [ERROR] Error fetching server-side data on Market Forecast History from https://api.elections.kalshi.com/v1/cached/series/KXCLAYTONCONF/markets/00b70157-f156-4328-91be-3d9881922dc4/forecast_history?start_ts=1781233200&end_ts=1781733600&period_interval=60&candlestick_function=mean_price: TypeError: Failed to fetch @ https://kalshi.com/_next/static/chunks/0q~3w5mbasf3y.js?dpl=dpl_5n2uBDVdBiT753dtMFbkugYTNzNm:3
[     243ms] [ERROR] Error fetching server-side data on Market Forecast History from https://api.elections.kalshi.com/v1/cached/series/KXPGATOUR/markets/14ec990b-9ed8-4a1e-85c2-8c6cd8fe874e/forecast_history?start_ts=1779127200&end_ts=1781733600&period_interval=60&candlestick_function=mean_price: TypeError: Failed to fetch @ https://kalshi.com/_next/static/chunks/0q~3w5mbasf3y.js?dpl=dpl_5n2uBDVdBiT753dtMFbkugYTNzNm:3
[     243ms] [ERROR] Error fetching server-side data on Market Forecast History from https://api.elections.kalshi.com/v1/cached/series/KXFABLERESTORE/markets/6021f707-0052-452a-a897-5ca42839bee8/forecast_history?start_ts=1781362800&end_ts=1781733600&period_interval=60&candlestick_function=mean_price: TypeError: Failed to fetch @ https://kalshi.com/_next/static/chunks/0q~3w5mbasf3y.js?dpl=dpl_5n2uBDVdBiT753dtMFbkugYTNzNm:3
[     243ms] [ERROR] Error fetching server-side data on Market Forecast History from https://api.elections.kalshi.com/v1/cached/series/KXGOVOKNOMR/markets/38d36aa5-b9bf-46af-ac2b-8d29366c8003/forecast_history?start_ts=1751554800&end_ts=1781816400&period_interval=1440&candlestick_function=mean_price: TypeError: Failed to fetch @ https://kalshi.com/_next/static/chunks/0q~3w5mbasf3y.js?dpl=dpl_5n2uBDVdBiT753dtMFbkugYTNzNm:3
[     244ms] [ERROR] Error fetching server-side data on Market Forecast History from https://api.elections.kalshi.com/v1/cached/series/KXPGATOUR/markets/e4dae0ea-3783-4830-85ee-e865063f09ab/forecast_history?start_ts=1779127200&end_ts=1781733600&period_interval=60&candlestick_function=mean_price: TypeError: Failed to fetch @ https://kalshi.com/_next/static/chunks/0q~3w5mbasf3y.js?dpl=dpl_5n2uBDVdBiT753dtMFbkugYTNzNm:3
[     244ms] [ERROR] Error fetching server-side data on Market Forecast History from https://api.elections.kalshi.com/v1/cached/series/KXPGATOUR/markets/da53b5c3-aaa6-457e-86a8-d2a84c9589c4/forecast_history?start_ts=1779127200&end_ts=1781733600&period_interval=60&candlestick_function=mean_price: TypeError: Failed to fetch @ https://kalshi.com/_next/static/chunks/0q~3w5mbasf3y.js?dpl=dpl_5n2uBDVdBiT753dtMFbkugYTNzNm:3
[     244ms] [ERROR] Error fetching server-side data on Market Forecast History from https://api.elections.kalshi.com/v1/cached/series/KXGOVOKNOMR/markets/565b7185-aa97-4c50-8bbb-3fef23505420/forecast_history?start_ts=1751554800&end_ts=1781816400&period_interval=1440&candlestick_function=mean_price: TypeError: Failed to fetch @ https://kalshi.com/_next/static/chunks/0q~3w5mbasf3y.js?dpl=dpl_5n2uBDVdBiT753dtMFbkugYTNzNm:3
[     251ms] [ERROR] Failed to load resource: the server responded with a status of 404 () @ https://kalshi.com/markets:0
[     349ms] [WARNING] [WEBSOCKETS] - Subscribing {params: Object, subscriber: bound wsHandlePosition} @ https://kalshi.com/_next/static/chunks/0q~3w5mbasf3y.js?dpl=dpl_5n2uBDVdBiT753dtMFbkugYTNzNm:3
[     350ms] [WARNING] [WEBSOCKETS] - Subscribing {params: Object, subscriber: bound queueWsHandleTicker} @ https://kalshi.com/_next/static/chunks/0q~3w5mbasf3y.js?dpl=dpl_5n2uBDVdBiT753dtMFbkugYTNzNm:3
[     350ms] [WARNING] [WEBSOCKETS] - Subscribing {params: Object, subscriber: bound wsHandleLifecycle} @ https://kalshi.com/_next/static/chunks/0q~3w5mbasf3y.js?dpl=dpl_5n2uBDVdBiT753dtMFbkugYTNzNm:3
[     477ms] [LOG] datadog init config.commitRef 3be88e87007a11af6c7f7f54607b0c7128c4ad11 @ https://kalshi.com/_next/static/chunks/0q~3w5mbasf3y.js?dpl=dpl_5n2uBDVdBiT753dtMFbkugYTNzNm:3
[    1055ms] [LOG] PS :: 13:13:29:355 Info: uapx Diagnostic - Host called API: Start With Config @ https://kalshi.com/_next/static/chunks/0q~3w5mbasf3y.js?dpl=dpl_5n2uBDVdBiT753dtMFbkugYTNzNm:3
[    1056ms] [LOG] PS :: 13:13:29:356 Info: uapx Diagnostic - Host called API: Send Conversion @ https://kalshi.com/_next/static/chunks/0q~3w5mbasf3y.js?dpl=dpl_5n2uBDVdBiT753dtMFbkugYTNzNm:3
[    1158ms] [WARNING] Amplitude Logger [Warn]: Plugin with name gtm-library-enrichment already exists, skipping registration @ https://kalshi.com/_next/static/chunks/0q~3w5mbasf3y.js?dpl=dpl_5n2uBDVdBiT753dtMFbkugYTNzNm:3
[    1560ms] [LOG] PS :: 13:13:29:860 Info: Response: {} @ https://kalshi.com/_next/static/chunks/0q~3w5mbasf3y.js?dpl=dpl_5n2uBDVdBiT753dtMFbkugYTNzNm:3
[    1560ms] [LOG] PS :: 13:13:29:860 Info: Server config success! @ https://kalshi.com/_next/static/chunks/0q~3w5mbasf3y.js?dpl=dpl_5n2uBDVdBiT753dtMFbkugYTNzNm:3
[    1561ms] [LOG] PS :: 13:13:29:861 Info: uapx Diagnostic - Started SDK 1.8.0
      published 1/5/2026, 5:57:54 PM @ https://kalshi.com/_next/static/chunks/0q~3w5mbasf3y.js?dpl=dpl_5n2uBDVdBiT753dtMFbkugYTNzNm:3
[    1561ms] [LOG] PS :: 13:13:29:861 Info: uapx Diagnostic - The log level is set to Info @ https://kalshi.com/_next/static/chunks/0q~3w5mbasf3y.js?dpl=dpl_5n2uBDVdBiT753dtMFbkugYTNzNm:3
[    1707ms] [LOG] PS :: 13:13:30:6 Info: Conversion success! @ https://kalshi.com/_next/static/chunks/0q~3w5mbasf3y.js?dpl=dpl_5n2uBDVdBiT753dtMFbkugYTNzNm:3
[    2241ms] [WARNING] Identity value for 'other' is falsy (undefined). This value will be removed from the request. @ https://kalshi.com/_next/static/chunks/0q~3w5mbasf3y.js?dpl=dpl_5n2uBDVdBiT753dtMFbkugYTNzNm:3
[    2241ms] [WARNING] There is no callback provided @ https://kalshi.com/_next/static/chunks/0q~3w5mbasf3y.js?dpl=dpl_5n2uBDVdBiT753dtMFbkugYTNzNm:3
[    4936ms] [WARNING] The resource https://apps.rokt.com/icons/rokt-icons.woff was preloaded using link preload but not used within a few seconds from the window's load event. Please make sure it has an appropriate `as` value and it is preloaded intentionally. @ https://apps.rokt.com/wsdk/plugins/dcui/index.html:0
[    6230ms] [WARNING] The resource https://kalshi.com/_next/static/chunks/0ji.9314.gi5..css?dpl=dpl_5n2uBDVdBiT753dtMFbkugYTNzNm was preloaded using link preload but not used within a few seconds from the window's load event. Please make sure it has an appropriate `as` value and it is preloaded intentionally. @ https://kalshi.com/markets:0
