[     307ms] [WARNING] [WEBSOCKETS] - Subscribing {params: Object, subscriber: bound wsHandlePosition} @ https://kalshi.com/_next/static/chunks/0q~3w5mbasf3y.js?dpl=dpl_5n2uBDVdBiT753dtMFbkugYTNzNm:3
[     308ms] [WARNING] [WEBSOCKETS] - Subscribing {params: Object, subscriber: bound queueWsHandleTicker} @ https://kalshi.com/_next/static/chunks/0q~3w5mbasf3y.js?dpl=dpl_5n2uBDVdBiT753dtMFbkugYTNzNm:3
[     308ms] [WARNING] [WEBSOCKETS] - Subscribing {params: Object, subscriber: bound wsHandleLifecycle} @ https://kalshi.com/_next/static/chunks/0q~3w5mbasf3y.js?dpl=dpl_5n2uBDVdBiT753dtMFbkugYTNzNm:3
[     672ms] [WARNING] [GSI_LOGGER]: Your client application uses one of the Google One Tap prompt UI status methods that may stop functioning when FedCM becomes mandatory. Refer to the migration guide to update your code accordingly and opt-in to FedCM to test your changes. Learn more: https://developers.google.com/identity/gsi/web/guides/fedcm-migration?s=dc#display_moment and https://developers.google.com/identity/gsi/web/guides/fedcm-migration?s=dc#skipped_moment @ https://kalshi.com/_next/static/chunks/0q~3w5mbasf3y.js?dpl=dpl_5n2uBDVdBiT753dtMFbkugYTNzNm:3
[     676ms] [ERROR] Not signed in with the identity provider. @ https://kalshi.com/:0
[     708ms] [LOG] datadog init config.commitRef 3be88e87007a11af6c7f7f54607b0c7128c4ad11 @ https://kalshi.com/_next/static/chunks/0q~3w5mbasf3y.js?dpl=dpl_5n2uBDVdBiT753dtMFbkugYTNzNm:3
[     970ms] [LOG] PS :: 13:16:50:362 Info: uapx Diagnostic - Host called API: Start With Config @ https://kalshi.com/_next/static/chunks/0q~3w5mbasf3y.js?dpl=dpl_5n2uBDVdBiT753dtMFbkugYTNzNm:3
[     970ms] [LOG] PS :: 13:16:50:363 Info: uapx Diagnostic - Host called API: Send Conversion @ https://kalshi.com/_next/static/chunks/0q~3w5mbasf3y.js?dpl=dpl_5n2uBDVdBiT753dtMFbkugYTNzNm:3
[    1015ms] [WARNING] [Meta Pixel] - Duplicate Pixel ID: 1537332917135729. @ https://kalshi.com/_next/static/chunks/0q~3w5mbasf3y.js?dpl=dpl_5n2uBDVdBiT753dtMFbkugYTNzNm:3
[    1630ms] [LOG] PS :: 13:16:51:23 Info: Response: {} @ https://kalshi.com/_next/static/chunks/0q~3w5mbasf3y.js?dpl=dpl_5n2uBDVdBiT753dtMFbkugYTNzNm:3
[    1630ms] [LOG] PS :: 13:16:51:23 Info: Server config success! @ https://kalshi.com/_next/static/chunks/0q~3w5mbasf3y.js?dpl=dpl_5n2uBDVdBiT753dtMFbkugYTNzNm:3
[    1631ms] [LOG] PS :: 13:16:51:23 Info: uapx Diagnostic - Started SDK 1.8.0
      published 1/5/2026, 5:57:54 PM @ https://kalshi.com/_next/static/chunks/0q~3w5mbasf3y.js?dpl=dpl_5n2uBDVdBiT753dtMFbkugYTNzNm:3
[    1631ms] [LOG] PS :: 13:16:51:23 Info: uapx Diagnostic - The log level is set to Info @ https://kalshi.com/_next/static/chunks/0q~3w5mbasf3y.js?dpl=dpl_5n2uBDVdBiT753dtMFbkugYTNzNm:3
[    1639ms] [WARNING] Identity value for 'other' is falsy (undefined). This value will be removed from the request. @ https://kalshi.com/_next/static/chunks/0q~3w5mbasf3y.js?dpl=dpl_5n2uBDVdBiT753dtMFbkugYTNzNm:3
[    1648ms] [WARNING] Amplitude Logger [Warn]: Plugin with name gtm-library-enrichment already exists, skipping registration @ https://kalshi.com/_next/static/chunks/0q~3w5mbasf3y.js?dpl=dpl_5n2uBDVdBiT753dtMFbkugYTNzNm:3
[    1856ms] [LOG] PS :: 13:16:51:248 Info: Conversion success! @ https://kalshi.com/_next/static/chunks/0q~3w5mbasf3y.js?dpl=dpl_5n2uBDVdBiT753dtMFbkugYTNzNm:3
[    1868ms] [ERROR] [GSI_LOGGER]: FedCM get() rejects with NetworkError: Error retrieving a token. @ https://kalshi.com/_next/static/chunks/0q~3w5mbasf3y.js?dpl=dpl_5n2uBDVdBiT753dtMFbkugYTNzNm:3
[    1868ms] [LOG] Google One Tap: Skipped - unknown_reason @ https://kalshi.com/_next/static/chunks/0q~3w5mbasf3y.js?dpl=dpl_5n2uBDVdBiT753dtMFbkugYTNzNm:3
[    4129ms] [WARNING] The resource https://apps.rokt.com/icons/rokt-icons.woff was preloaded using link preload but not used within a few seconds from the window's load event. Please make sure it has an appropriate `as` value and it is preloaded intentionally. @ https://apps.rokt.com/wsdk/plugins/dcui/index.html:0
