[     513ms] [WARNING] [WEBSOCKETS] - Subscribing {params: Object, subscriber: bound wsHandlePosition} @ https://kalshi.com/_next/static/chunks/0q~3w5mbasf3y.js?dpl=dpl_5n2uBDVdBiT753dtMFbkugYTNzNm:3
[     514ms] [WARNING] [WEBSOCKETS] - Subscribing {params: Object, subscriber: bound queueWsHandleTicker} @ https://kalshi.com/_next/static/chunks/0q~3w5mbasf3y.js?dpl=dpl_5n2uBDVdBiT753dtMFbkugYTNzNm:3
[     514ms] [WARNING] [WEBSOCKETS] - Subscribing {params: Object, subscriber: bound wsHandleLifecycle} @ https://kalshi.com/_next/static/chunks/0q~3w5mbasf3y.js?dpl=dpl_5n2uBDVdBiT753dtMFbkugYTNzNm:3
[     804ms] [WARNING] [GSI_LOGGER]: Your client application uses one of the Google One Tap prompt UI status methods that may stop functioning when FedCM becomes mandatory. Refer to the migration guide to update your code accordingly and opt-in to FedCM to test your changes. Learn more: https://developers.google.com/identity/gsi/web/guides/fedcm-migration?s=dc#display_moment and https://developers.google.com/identity/gsi/web/guides/fedcm-migration?s=dc#skipped_moment @ https://kalshi.com/_next/static/chunks/0q~3w5mbasf3y.js?dpl=dpl_5n2uBDVdBiT753dtMFbkugYTNzNm:3
[     833ms] [ERROR] Not signed in with the identity provider. @ https://kalshi.com/:0
[     894ms] [LOG] datadog init config.commitRef 3be88e87007a11af6c7f7f54607b0c7128c4ad11 @ https://kalshi.com/_next/static/chunks/0q~3w5mbasf3y.js?dpl=dpl_5n2uBDVdBiT753dtMFbkugYTNzNm:3
[    1048ms] [LOG] PS :: 13:14:34:126 Info: uapx Diagnostic - Host called API: Start With Config @ https://kalshi.com/_next/static/chunks/0q~3w5mbasf3y.js?dpl=dpl_5n2uBDVdBiT753dtMFbkugYTNzNm:3
[    1049ms] [LOG] PS :: 13:14:34:126 Info: uapx Diagnostic - Host called API: Send Conversion @ https://kalshi.com/_next/static/chunks/0q~3w5mbasf3y.js?dpl=dpl_5n2uBDVdBiT753dtMFbkugYTNzNm:3
[    1049ms] [LOG] PS :: 13:14:34:127 Info: uapx Diagnostic - Started SDK 1.8.0
      published 1/5/2026, 5:57:54 PM @ https://kalshi.com/_next/static/chunks/0q~3w5mbasf3y.js?dpl=dpl_5n2uBDVdBiT753dtMFbkugYTNzNm:3
[    1049ms] [LOG] PS :: 13:14:34:127 Info: uapx Diagnostic - The log level is set to Info @ https://kalshi.com/_next/static/chunks/0q~3w5mbasf3y.js?dpl=dpl_5n2uBDVdBiT753dtMFbkugYTNzNm:3
[    1214ms] [WARNING] [Meta Pixel] - Duplicate Pixel ID: 1537332917135729. @ https://kalshi.com/_next/static/chunks/0q~3w5mbasf3y.js?dpl=dpl_5n2uBDVdBiT753dtMFbkugYTNzNm:3
[    1224ms] [WARNING] Amplitude Logger [Warn]: Plugin with name gtm-library-enrichment already exists, skipping registration @ https://kalshi.com/_next/static/chunks/0q~3w5mbasf3y.js?dpl=dpl_5n2uBDVdBiT753dtMFbkugYTNzNm:3
[    1229ms] [WARNING] Identity value for 'other' is falsy (undefined). This value will be removed from the request. @ https://kalshi.com/_next/static/chunks/0q~3w5mbasf3y.js?dpl=dpl_5n2uBDVdBiT753dtMFbkugYTNzNm:3
[    2432ms] [LOG] PS :: 13:14:35:509 Info: Conversion success! @ https://kalshi.com/_next/static/chunks/0q~3w5mbasf3y.js?dpl=dpl_5n2uBDVdBiT753dtMFbkugYTNzNm:3
[    4201ms] [WARNING] The resource https://apps.rokt.com/icons/rokt-icons.woff was preloaded using link preload but not used within a few seconds from the window's load event. Please make sure it has an appropriate `as` value and it is preloaded intentionally. @ https://apps.rokt.com/wsdk/plugins/dcui/index.html:0
[    5976ms] [ERROR] [GSI_LOGGER]: FedCM get() rejects with NetworkError: Error retrieving a token. @ https://kalshi.com/_next/static/chunks/0q~3w5mbasf3y.js?dpl=dpl_5n2uBDVdBiT753dtMFbkugYTNzNm:3
[    5977ms] [LOG] Google One Tap: Skipped - unknown_reason @ https://kalshi.com/_next/static/chunks/0q~3w5mbasf3y.js?dpl=dpl_5n2uBDVdBiT753dtMFbkugYTNzNm:3
[    9326ms] [WARNING] The resource https://kalshi.com/_next/static/chunks/0ji.9314.gi5..css?dpl=dpl_5n2uBDVdBiT753dtMFbkugYTNzNm was preloaded using link preload but not used within a few seconds from the window's load event. Please make sure it has an appropriate `as` value and it is preloaded intentionally. @ https://kalshi.com/:0
[   19367ms] [WARNING] The resource https://kalshi.com/_next/static/chunks/0ji.9314.gi5..css?dpl=dpl_5n2uBDVdBiT753dtMFbkugYTNzNm was preloaded using link preload but not used within a few seconds from the window's load event. Please make sure it has an appropriate `as` value and it is preloaded intentionally. @ https://kalshi.com/:0
[   29889ms] [WARNING] The resource https://kalshi.com/_next/static/chunks/0ji.9314.gi5..css?dpl=dpl_5n2uBDVdBiT753dtMFbkugYTNzNm was preloaded using link preload but not used within a few seconds from the window's load event. Please make sure it has an appropriate `as` value and it is preloaded intentionally. @ https://kalshi.com/:0
[   40333ms] [WARNING] The resource https://kalshi.com/_next/static/chunks/0ji.9314.gi5..css?dpl=dpl_5n2uBDVdBiT753dtMFbkugYTNzNm was preloaded using link preload but not used within a few seconds from the window's load event. Please make sure it has an appropriate `as` value and it is preloaded intentionally. @ https://kalshi.com/:0
[   50849ms] [WARNING] The resource https://kalshi.com/_next/static/chunks/0ji.9314.gi5..css?dpl=dpl_5n2uBDVdBiT753dtMFbkugYTNzNm was preloaded using link preload but not used within a few seconds from the window's load event. Please make sure it has an appropriate `as` value and it is preloaded intentionally. @ https://kalshi.com/:0
